0 info it worked if it ends with ok
1 verbose cli [ '/usr/local/Cellar/node/5.8.0/bin/node',
1 verbose cli   '/usr/local/bin/npm',
1 verbose cli   'run',
1 verbose cli   'build-watch' ]
2 info using npm@3.7.3
3 info using node@v5.8.0
4 verbose stack Error: missing script: build-watch
4 verbose stack     at run (/usr/local/lib/node_modules/npm/lib/run-script.js:147:19)
4 verbose stack     at /usr/local/lib/node_modules/npm/lib/run-script.js:57:5
4 verbose stack     at /usr/local/lib/node_modules/npm/node_modules/read-package-json/read-json.js:345:5
4 verbose stack     at handleExists (/usr/local/lib/node_modules/npm/node_modules/read-package-json/read-json.js:318:20)
4 verbose stack     at FSReqWrap.cb [as oncomplete] (fs.js:216:19)
5 verbose cwd /Users/allanlukwago/apps/budget-data
6 error Darwin 15.3.0
7 error argv "/usr/local/Cellar/node/5.8.0/bin/node" "/usr/local/bin/npm" "run" "build-watch"
8 error node v5.8.0
9 error npm  v3.7.3
10 error missing script: build-watch
11 error If you need help, you may report this error at:
11 error     <https://github.com/npm/npm/issues>
12 verbose exit [ 1, true ]
